2024-04-27T22:34:17.307+05:30  INFO 9036 --- [social-media-rest-api] [restartedMain] c.a.s.m.SocialMediaRestApiApplication    : Starting SocialMediaRestApiApplication using Java 17.0.5 with PID 9036 (C:\Users\Devan\Documents\workspace-spring-tool-suite-4-4.17.1.RELEASE\social-media-rest-api\target\classes started by Devan in C:\Users\Devan\Documents\workspace-spring-tool-suite-4-4.17.1.RELEASE\social-media-rest-api)
2024-04-27T22:34:17.310+05:30  INFO 9036 --- [social-media-rest-api] [restartedMain] c.a.s.m.SocialMediaRestApiApplication    : No active profile set, falling back to 1 default profile: "default"
2024-04-27T22:34:17.355+05:30  INFO 9036 --- [social-media-rest-api] [restartedMain] .e.DevToolsPropertyDefaultsPostProcessor : Devtools property defaults active! Set 'spring.devtools.add-properties' to 'false' to disable
2024-04-27T22:34:17.355+05:30  INFO 9036 --- [social-media-rest-api] [restartedMain] .e.DevToolsPropertyDefaultsPostProcessor : For additional web related logging consider setting the 'logging.level.web' property to 'DEBUG'
2024-04-27T22:34:18.234+05:30  INFO 9036 --- [social-media-rest-api] [restartedMain] .s.d.r.c.RepositoryConfigurationDelegate : Bootstrapping Spring Data JPA repositories in DEFAULT mode.
2024-04-27T22:34:18.310+05:30  INFO 9036 --- [social-media-rest-api] [restartedMain] .s.d.r.c.RepositoryConfigurationDelegate : Finished Spring Data repository scanning in 63 ms. Found 4 JPA repository interfaces.
2024-04-27T22:34:18.873+05:30  INFO 9036 --- [social-media-rest-api] [restartedMain] o.s.b.w.embedded.tomcat.TomcatWebServer  : Tomcat initialized with port 8080 (http)
2024-04-27T22:34:18.886+05:30  INFO 9036 --- [social-media-rest-api] [restartedMain] o.apache.catalina.core.StandardService   : Starting service [Tomcat]
2024-04-27T22:34:18.887+05:30  INFO 9036 --- [social-media-rest-api] [restartedMain] o.apache.catalina.core.StandardEngine    : Starting Servlet engine: [Apache Tomcat/10.1.19]
2024-04-27T22:34:18.944+05:30  INFO 9036 --- [social-media-rest-api] [restartedMain] o.a.c.c.C.[Tomcat].[localhost].[/]       : Initializing Spring embedded WebApplicationContext
2024-04-27T22:34:18.944+05:30  INFO 9036 --- [social-media-rest-api] [restartedMain] w.s.c.ServletWebServerApplicationContext : Root WebApplicationContext: initialization completed in 1588 ms
2024-04-27T22:34:19.113+05:30  INFO 9036 --- [social-media-rest-api] [restartedMain] o.hibernate.jpa.internal.util.LogHelper  : HHH000204: Processing PersistenceUnitInfo [name: default]
2024-04-27T22:34:19.175+05:30  INFO 9036 --- [social-media-rest-api] [restartedMain] org.hibernate.Version                    : HHH000412: Hibernate ORM core version 6.4.4.Final
2024-04-27T22:34:19.206+05:30  INFO 9036 --- [social-media-rest-api] [restartedMain] o.h.c.internal.RegionFactoryInitiator    : HHH000026: Second-level cache disabled
2024-04-27T22:34:19.489+05:30  INFO 9036 --- [social-media-rest-api] [restartedMain] o.s.o.j.p.SpringPersistenceUnitInfo      : No LoadTimeWeaver setup: ignoring JPA class transformer
2024-04-27T22:34:19.521+05:30  INFO 9036 --- [social-media-rest-api] [restartedMain] com.zaxxer.hikari.HikariDataSource       : HikariPool-1 - Starting...
2024-04-27T22:34:19.704+05:30  INFO 9036 --- [social-media-rest-api] [restartedMain] com.zaxxer.hikari.pool.HikariPool        : HikariPool-1 - Added connection org.postgresql.jdbc.PgConnection@4fe0c2e0
2024-04-27T22:34:19.706+05:30  INFO 9036 --- [social-media-rest-api] [restartedMain] com.zaxxer.hikari.HikariDataSource       : HikariPool-1 - Start completed.
2024-04-27T22:34:19.745+05:30  WARN 9036 --- [social-media-rest-api] [restartedMain] org.hibernate.orm.deprecation            : HHH90000025: PostgreSQLDialect does not need to be specified explicitly using 'hibernate.dialect' (remove the property setting and it will be selected by default)
2024-04-27T22:34:20.697+05:30  INFO 9036 --- [social-media-rest-api] [restartedMain] o.h.e.t.j.p.i.JtaPlatformInitiator       : HHH000489: No JTA platform available (set 'hibernate.transaction.jta.platform' to enable JTA platform integration)
2024-04-27T22:34:20.816+05:30  INFO 9036 --- [social-media-rest-api] [restartedMain] j.LocalContainerEntityManagerFactoryBean : Initialized JPA EntityManagerFactory for persistence unit 'default'
2024-04-27T22:34:21.327+05:30  WARN 9036 --- [social-media-rest-api] [restartedMain] JpaBaseConfiguration$JpaWebConfiguration : spring.jpa.open-in-view is enabled by default. Therefore, database queries may be performed during view rendering. Explicitly configure spring.jpa.open-in-view to disable this warning
2024-04-27T22:34:21.894+05:30  INFO 9036 --- [social-media-rest-api] [restartedMain] o.s.b.d.a.OptionalLiveReloadServer       : LiveReload server is running on port 35729
2024-04-27T22:34:21.933+05:30  INFO 9036 --- [social-media-rest-api] [restartedMain] o.s.b.w.embedded.tomcat.TomcatWebServer  : Tomcat started on port 8080 (http) with context path ''
2024-04-27T22:34:21.945+05:30  INFO 9036 --- [social-media-rest-api] [restartedMain] c.a.s.m.SocialMediaRestApiApplication    : Started SocialMediaRestApiApplication in 5.066 seconds (process running for 5.909)
2024-04-27T22:34:25.260+05:30  INFO 9036 --- [social-media-rest-api] [RMI TCP Connection(2)-127.0.0.1] inMXBeanRegistrar$SpringApplicationAdmin : Application shutdown requested.
2024-04-27T22:34:25.277+05:30  INFO 9036 --- [social-media-rest-api] [RMI TCP Connection(2)-127.0.0.1] j.LocalContainerEntityManagerFactoryBean : Closing JPA EntityManagerFactory for persistence unit 'default'
2024-04-27T22:34:25.281+05:30  INFO 9036 --- [social-media-rest-api] [RMI TCP Connection(2)-127.0.0.1] com.zaxxer.hikari.HikariDataSource       : HikariPool-1 - Shutdown initiated...
2024-04-27T22:34:25.285+05:30  INFO 9036 --- [social-media-rest-api] [RMI TCP Connection(2)-127.0.0.1] com.zaxxer.hikari.HikariDataSource       : HikariPool-1 - Shutdown completed.
